<?xml version="1.0" encoding="UTF-8"?>
<coverage generated="1553618849590" clover="3.2.0">
  <project timestamp="1553618849591" name="All files">
    <metrics statements="65" coveredstatements="61" conditionals="35" coveredconditionals="27" methods="17" coveredmethods="17" elements="117" coveredelements="105" complexity="0" loc="65" ncloc="65" packages="2" files="4" classes="4"/>
    <package name="jest-matchers-core">
      <metrics statements="29" coveredstatements="26" conditionals="19" coveredconditionals="13" methods="8" coveredmethods="8"/>
      <file name="index.js" path="/Users/adrianstainforth/sites/modules/jest-matchers/packages/jest-matchers-core/index.js">
        <metrics statements="29" coveredstatements="26" conditionals="19" coveredconditionals="13" methods="8" coveredmethods="8"/>
        <line num="1" count="74" type="stmt"/>
        <line num="2" count="8" type="stmt"/>
        <line num="3" count="8" type="cond" truecount="4" falsecount="0"/>
        <line num="5" count="4" type="cond" truecount="1" falsecount="1"/>
        <line num="6" count="0" type="stmt"/>
        <line num="9" count="4" type="cond" truecount="2" falsecount="2"/>
        <line num="10" count="0" type="stmt"/>
        <line num="13" count="4" type="stmt"/>
        <line num="16" count="148" type="stmt"/>
        <line num="17" count="4" type="stmt"/>
        <line num="18" count="4" type="cond" truecount="1" falsecount="1"/>
        <line num="19" count="4" type="stmt"/>
        <line num="22" count="4" type="cond" truecount="1" falsecount="1"/>
        <line num="23" count="4" type="stmt"/>
        <line num="26" count="4" type="cond" truecount="1" falsecount="1"/>
        <line num="27" count="0" type="stmt"/>
        <line num="30" count="4" type="stmt"/>
        <line num="33" count="4" type="stmt"/>
        <line num="34" count="74" type="stmt"/>
        <line num="35" count="74" type="stmt"/>
        <line num="36" count="74" type="stmt"/>
        <line num="37" count="74" type="cond" truecount="1" falsecount="0"/>
        <line num="41" count="55" type="stmt"/>
        <line num="42" count="55" type="stmt"/>
        <line num="43" count="55" type="cond" truecount="2" falsecount="0"/>
        <line num="44" count="32" type="stmt"/>
        <line num="46" count="23" type="stmt"/>
        <line num="48" count="55" type="stmt"/>
        <line num="52" count="20" type="stmt"/>
      </file>
    </package>
    <package name="jest-matchers.src">
      <metrics statements="36" coveredstatements="35" conditionals="16" coveredconditionals="14" methods="9" coveredmethods="9"/>
      <file name="custom_matchers.js" path="/Users/adrianstainforth/sites/modules/jest-matchers/packages/jest-matchers/src/custom_matchers.js">
        <metrics statements="22" coveredstatements="21" conditionals="6" coveredconditionals="4" methods="5" coveredmethods="5"/>
        <line num="1" count="4" type="stmt"/>
        <line num="2" count="4" type="stmt"/>
        <line num="3" count="4" type="stmt"/>
        <line num="5" count="4" type="stmt"/>
        <line num="7" count="4" type="stmt"/>
        <line num="8" count="6" type="stmt"/>
        <line num="9" count="6" type="stmt"/>
        <line num="10" count="6" type="cond" truecount="1" falsecount="1"/>
        <line num="11" count="6" type="stmt"/>
        <line num="12" count="6" type="cond" truecount="2" falsecount="0"/>
        <line num="13" count="4" type="stmt"/>
        <line num="15" count="2" type="stmt"/>
        <line num="18" count="0" type="stmt"/>
        <line num="21" count="6" type="stmt"/>
        <line num="24" count="6" type="stmt"/>
        <line num="27" count="4" type="stmt"/>
        <line num="28" count="4" type="stmt"/>
        <line num="29" count="4" type="stmt"/>
        <line num="30" count="4" type="stmt"/>
        <line num="31" count="10" type="stmt"/>
        <line num="37" count="2" type="cond" truecount="1" falsecount="1"/>
        <line num="39" count="2" type="stmt"/>
      </file>
      <file name="element_matchers.js" path="/Users/adrianstainforth/sites/modules/jest-matchers/packages/jest-matchers/src/element_matchers.js">
        <metrics statements="10" coveredstatements="10" conditionals="10" coveredconditionals="10" methods="3" coveredmethods="3"/>
        <line num="1" count="4" type="stmt"/>
        <line num="3" count="4" type="stmt"/>
        <line num="5" count="4" type="stmt"/>
        <line num="8" count="4" type="cond" truecount="2" falsecount="0"/>
        <line num="9" count="3" type="cond" truecount="2" falsecount="0"/>
        <line num="10" count="2" type="stmt"/>
        <line num="19" count="3" type="cond" truecount="2" falsecount="0"/>
        <line num="21" count="2" type="cond" truecount="2" falsecount="0"/>
        <line num="30" count="3" type="cond" truecount="2" falsecount="0"/>
        <line num="32" count="2" type="stmt"/>
      </file>
      <file name="to_be_matchers.js" path="/Users/adrianstainforth/sites/modules/jest-matchers/packages/jest-matchers/src/to_be_matchers.js">
        <metrics statements="4" coveredstatements="4" conditionals="0" coveredconditionals="0" methods="1" coveredmethods="1"/>
        <line num="1" count="4" type="stmt"/>
        <line num="3" count="4" type="stmt"/>
        <line num="5" count="4" type="stmt"/>
        <line num="6" count="2" type="stmt"/>
      </file>
    </package>
  </project>
</coverage>
