{"/Users/adrianstainforth/sites/modules/jest-matchers/packages/jest-matchers-core/index.js": {"path":"/Users/adrianstainforth/sites/modules/jest-matchers/packages/jest-matchers-core/index.js","statementMap":{"0":{"start":{"line":1,"column":24},"end":{"line":14,"column":1}},"1":{"start":{"line":1,"column":37},"end":{"line":14,"column":1}},"2":{"start":{"line":2,"column":15},"end":{"line":2,"column":30}},"3":{"start":{"line":3,"column":2},"end":{"line":3,"column":62}},"4":{"start":{"line":3,"column":46},"end":{"line":3,"column":62}},"5":{"start":{"line":5,"column":2},"end":{"line":7,"column":3}},"6":{"start":{"line":6,"column":4},"end":{"line":6,"column":24}},"7":{"start":{"line":9,"column":2},"end":{"line":11,"column":3}},"8":{"start":{"line":10,"column":4},"end":{"line":10,"column":39}},"9":{"start":{"line":13,"column":2},"end":{"line":13,"column":34}},"10":{"start":{"line":16,"column":18},"end":{"line":33,"column":1}},"11":{"start":{"line":16,"column":42},"end":{"line":33,"column":1}},"12":{"start":{"line":16,"column":71},"end":{"line":33,"column":1}},"13":{"start":{"line":17,"column":12},"end":{"line":17,"column":19}},"14":{"start":{"line":18,"column":2},"end":{"line":18,"column":49}},"15":{"start":{"line":19,"column":2},"end":{"line":22,"column":3}},"16":{"start":{"line":20,"column":4},"end":{"line":20,"column":44}},"17":{"start":{"line":21,"column":4},"end":{"line":21,"column":56}},"18":{"start":{"line":24,"column":2},"end":{"line":26,"column":3}},"19":{"start":{"line":25,"column":4},"end":{"line":25,"column":52}},"20":{"start":{"line":28,"column":2},"end":{"line":30,"column":3}},"21":{"start":{"line":29,"column":4},"end":{"line":29,"column":60}},"22":{"start":{"line":32,"column":2},"end":{"line":32,"column":13}},"23":{"start":{"line":35,"column":0},"end":{"line":52,"column":2}},"24":{"start":{"line":36,"column":27},"end":{"line":36,"column":53}},"25":{"start":{"line":37,"column":18},"end":{"line":37,"column":51}},"26":{"start":{"line":38,"column":18},"end":{"line":38,"column":51}},"27":{"start":{"line":39,"column":2},"end":{"line":51,"column":4}},"28":{"start":{"line":43,"column":19},"end":{"line":43,"column":21}},"29":{"start":{"line":44,"column":4},"end":{"line":44,"column":49}},"30":{"start":{"line":45,"column":4},"end":{"line":49,"column":5}},"31":{"start":{"line":46,"column":6},"end":{"line":46,"column":56}},"32":{"start":{"line":48,"column":6},"end":{"line":48,"column":56}},"33":{"start":{"line":50,"column":4},"end":{"line":50,"column":18}},"34":{"start":{"line":54,"column":0},"end":{"line":57,"column":3}},"35":{"start":{"line":54,"column":26},"end":{"line":57,"column":1}}},"fnMap":{"0":{"name":"(anonymous_0)","decl":{"start":{"line":1,"column":24},"end":{"line":1,"column":25}},"loc":{"start":{"line":1,"column":37},"end":{"line":14,"column":1}},"line":1},"1":{"name":"(anonymous_1)","decl":{"start":{"line":1,"column":37},"end":{"line":1,"column":38}},"loc":{"start":{"line":1,"column":49},"end":{"line":14,"column":1}},"line":1},"2":{"name":"(anonymous_2)","decl":{"start":{"line":16,"column":18},"end":{"line":16,"column":19}},"loc":{"start":{"line":16,"column":42},"end":{"line":33,"column":1}},"line":16},"3":{"name":"(anonymous_3)","decl":{"start":{"line":16,"column":42},"end":{"line":16,"column":43}},"loc":{"start":{"line":16,"column":71},"end":{"line":33,"column":1}},"line":16},"4":{"name":"(anonymous_4)","decl":{"start":{"line":16,"column":71},"end":{"line":16,"column":72}},"loc":{"start":{"line":16,"column":77},"end":{"line":33,"column":1}},"line":16},"5":{"name":"(anonymous_5)","decl":{"start":{"line":35,"column":24},"end":{"line":35,"column":25}},"loc":{"start":{"line":35,"column":62},"end":{"line":52,"column":1}},"line":35},"6":{"name":"(anonymous_6)","decl":{"start":{"line":39,"column":9},"end":{"line":39,"column":10}},"loc":{"start":{"line":39,"column":46},"end":{"line":51,"column":3}},"line":39},"7":{"name":"(anonymous_7)","decl":{"start":{"line":54,"column":18},"end":{"line":54,"column":19}},"loc":{"start":{"line":54,"column":26},"end":{"line":57,"column":1}},"line":54}},"branchMap":{"0":{"loc":{"start":{"line":3,"column":2},"end":{"line":3,"column":62}},"type":"if","locations":[{"start":{"line":3,"column":2},"end":{"line":3,"column":62}},{"start":{"line":3,"column":2},"end":{"line":3,"column":62}}],"line":3},"1":{"loc":{"start":{"line":3,"column":6},"end":{"line":3,"column":44}},"type":"binary-expr","locations":[{"start":{"line":3,"column":6},"end":{"line":3,"column":23}},{"start":{"line":3,"column":27},"end":{"line":3,"column":44}}],"line":3},"2":{"loc":{"start":{"line":5,"column":2},"end":{"line":7,"column":3}},"type":"if","locations":[{"start":{"line":5,"column":2},"end":{"line":7,"column":3}},{"start":{"line":5,"column":2},"end":{"line":7,"column":3}}],"line":5},"3":{"loc":{"start":{"line":9,"column":2},"end":{"line":11,"column":3}},"type":"if","locations":[{"start":{"line":9,"column":2},"end":{"line":11,"column":3}},{"start":{"line":9,"column":2},"end":{"line":11,"column":3}}],"line":9},"4":{"loc":{"start":{"line":9,"column":6},"end":{"line":9,"column":44}},"type":"binary-expr","locations":[{"start":{"line":9,"column":6},"end":{"line":9,"column":15}},{"start":{"line":9,"column":19},"end":{"line":9,"column":44}}],"line":9},"5":{"loc":{"start":{"line":19,"column":2},"end":{"line":22,"column":3}},"type":"if","locations":[{"start":{"line":19,"column":2},"end":{"line":22,"column":3}},{"start":{"line":19,"column":2},"end":{"line":22,"column":3}}],"line":19},"6":{"loc":{"start":{"line":24,"column":2},"end":{"line":26,"column":3}},"type":"if","locations":[{"start":{"line":24,"column":2},"end":{"line":26,"column":3}},{"start":{"line":24,"column":2},"end":{"line":26,"column":3}}],"line":24},"7":{"loc":{"start":{"line":28,"column":2},"end":{"line":30,"column":3}},"type":"if","locations":[{"start":{"line":28,"column":2},"end":{"line":30,"column":3}},{"start":{"line":28,"column":2},"end":{"line":30,"column":3}}],"line":28},"8":{"loc":{"start":{"line":39,"column":18},"end":{"line":39,"column":31}},"type":"default-arg","locations":[{"start":{"line":39,"column":29},"end":{"line":39,"column":31}}],"line":39},"9":{"loc":{"start":{"line":45,"column":4},"end":{"line":49,"column":5}},"type":"if","locations":[{"start":{"line":45,"column":4},"end":{"line":49,"column":5}},{"start":{"line":45,"column":4},"end":{"line":49,"column":5}}],"line":45}},"s":{"0":4,"1":74,"2":12,"3":12,"4":6,"5":6,"6":0,"7":6,"8":0,"9":6,"10":4,"11":148,"12":55,"13":4,"14":4,"15":4,"16":4,"17":4,"18":4,"19":4,"20":4,"21":0,"22":4,"23":4,"24":74,"25":74,"26":74,"27":74,"28":55,"29":55,"30":55,"31":32,"32":23,"33":55,"34":4,"35":20},"f":{"0":74,"1":12,"2":148,"3":55,"4":4,"5":74,"6":55,"7":20},"b":{"0":[6,6],"1":[12,12],"2":[0,6],"3":[0,6],"4":[6,0],"5":[4,0],"6":[4,0],"7":[0,4],"8":[10],"9":[32,23]},"_coverageSchema":"43e27e138ebf9cfc5966b082cf9a028302ed4184","hash":"94b9463e32f0fb742155123fee54d4d428b8ca74"}
,"/Users/adrianstainforth/sites/modules/jest-matchers/packages/jest-matchers/src/custom_matchers.js": {"path":"/Users/adrianstainforth/sites/modules/jest-matchers/packages/jest-matchers/src/custom_matchers.js","statementMap":{"0":{"start":{"line":1,"column":20},"end":{"line":1,"column":47}},"1":{"start":{"line":2,"column":23},"end":{"line":2,"column":52}},"2":{"start":{"line":3,"column":26},"end":{"line":3,"column":64}},"3":{"start":{"line":5,"column":38},"end":{"line":5,"column":55}},"4":{"start":{"line":7,"column":20},"end":{"line":25,"column":1}},"5":{"start":{"line":8,"column":14},"end":{"line":8,"column":18}},"6":{"start":{"line":9,"column":2},"end":{"line":22,"column":5}},"7":{"start":{"line":10,"column":4},"end":{"line":19,"column":5}},"8":{"start":{"line":11,"column":18},"end":{"line":11,"column":31}},"9":{"start":{"line":12,"column":6},"end":{"line":16,"column":7}},"10":{"start":{"line":13,"column":8},"end":{"line":13,"column":38}},"11":{"start":{"line":15,"column":8},"end":{"line":15,"column":28}},"12":{"start":{"line":18,"column":6},"end":{"line":18,"column":20}},"13":{"start":{"line":21,"column":4},"end":{"line":21,"column":17}},"14":{"start":{"line":24,"column":2},"end":{"line":24,"column":15}},"15":{"start":{"line":27,"column":0},"end":{"line":47,"column":2}},"16":{"start":{"line":28,"column":2},"end":{"line":28,"column":29}},"17":{"start":{"line":29,"column":2},"end":{"line":29,"column":32}},"18":{"start":{"line":30,"column":2},"end":{"line":46,"column":5}},"19":{"start":{"line":31,"column":48},"end":{"line":31,"column":79}},"20":{"start":{"line":37,"column":8},"end":{"line":37,"column":49}},"21":{"start":{"line":37,"column":36},"end":{"line":37,"column":49}},"22":{"start":{"line":39,"column":8},"end":{"line":39,"column":45}}},"fnMap":{"0":{"name":"(anonymous_0)","decl":{"start":{"line":7,"column":20},"end":{"line":7,"column":21}},"loc":{"start":{"line":7,"column":42},"end":{"line":25,"column":1}},"line":7},"1":{"name":"(anonymous_1)","decl":{"start":{"line":9,"column":16},"end":{"line":9,"column":17}},"loc":{"start":{"line":9,"column":30},"end":{"line":22,"column":3}},"line":9},"2":{"name":"(anonymous_2)","decl":{"start":{"line":27,"column":17},"end":{"line":27,"column":18}},"loc":{"start":{"line":27,"column":23},"end":{"line":47,"column":1}},"line":27},"3":{"name":"(anonymous_3)","decl":{"start":{"line":31,"column":26},"end":{"line":31,"column":27}},"loc":{"start":{"line":31,"column":48},"end":{"line":31,"column":79}},"line":31},"4":{"name":"(anonymous_4)","decl":{"start":{"line":36,"column":6},"end":{"line":36,"column":7}},"loc":{"start":{"line":36,"column":28},"end":{"line":40,"column":7}},"line":36}},"branchMap":{"0":{"loc":{"start":{"line":10,"column":4},"end":{"line":19,"column":5}},"type":"if","locations":[{"start":{"line":10,"column":4},"end":{"line":19,"column":5}},{"start":{"line":10,"column":4},"end":{"line":19,"column":5}}],"line":10},"1":{"loc":{"start":{"line":12,"column":6},"end":{"line":16,"column":7}},"type":"if","locations":[{"start":{"line":12,"column":6},"end":{"line":16,"column":7}},{"start":{"line":12,"column":6},"end":{"line":16,"column":7}}],"line":12},"2":{"loc":{"start":{"line":37,"column":8},"end":{"line":37,"column":49}},"type":"if","locations":[{"start":{"line":37,"column":8},"end":{"line":37,"column":49}},{"start":{"line":37,"column":8},"end":{"line":37,"column":49}}],"line":37}},"s":{"0":4,"1":4,"2":4,"3":4,"4":4,"5":6,"6":6,"7":6,"8":6,"9":6,"10":4,"11":2,"12":0,"13":6,"14":6,"15":4,"16":4,"17":4,"18":4,"19":10,"20":2,"21":0,"22":2},"f":{"0":6,"1":6,"2":4,"3":10,"4":2},"b":{"0":[6,0],"1":[4,2],"2":[0,2]},"_coverageSchema":"43e27e138ebf9cfc5966b082cf9a028302ed4184","hash":"2d63dc0d397d0163ef0b3c8aa3229ceef3474093"}
,"/Users/adrianstainforth/sites/modules/jest-matchers/packages/jest-matchers/src/element_matchers.js": {"path":"/Users/adrianstainforth/sites/modules/jest-matchers/packages/jest-matchers/src/element_matchers.js","statementMap":{"0":{"start":{"line":1,"column":10},"end":{"line":1,"column":27}},"1":{"start":{"line":3,"column":26},"end":{"line":3,"column":64}},"2":{"start":{"line":5,"column":0},"end":{"line":39,"column":2}},"3":{"start":{"line":8,"column":6},"end":{"line":8,"column":45}},"4":{"start":{"line":8,"column":32},"end":{"line":8,"column":45}},"5":{"start":{"line":9,"column":6},"end":{"line":9,"column":55}},"6":{"start":{"line":9,"column":42},"end":{"line":9,"column":55}},"7":{"start":{"line":10,"column":6},"end":{"line":10,"column":56}},"8":{"start":{"line":19,"column":6},"end":{"line":19,"column":45}},"9":{"start":{"line":19,"column":32},"end":{"line":19,"column":45}},"10":{"start":{"line":21,"column":6},"end":{"line":21,"column":63}},"11":{"start":{"line":30,"column":6},"end":{"line":30,"column":45}},"12":{"start":{"line":30,"column":32},"end":{"line":30,"column":45}},"13":{"start":{"line":32,"column":6},"end":{"line":32,"column":49}}},"fnMap":{"0":{"name":"(anonymous_0)","decl":{"start":{"line":7,"column":4},"end":{"line":7,"column":5}},"loc":{"start":{"line":7,"column":33},"end":{"line":11,"column":5}},"line":7},"1":{"name":"(anonymous_1)","decl":{"start":{"line":18,"column":4},"end":{"line":18,"column":5}},"loc":{"start":{"line":18,"column":26},"end":{"line":22,"column":5}},"line":18},"2":{"name":"(anonymous_2)","decl":{"start":{"line":29,"column":4},"end":{"line":29,"column":5}},"loc":{"start":{"line":29,"column":26},"end":{"line":33,"column":5}},"line":29}},"branchMap":{"0":{"loc":{"start":{"line":8,"column":6},"end":{"line":8,"column":45}},"type":"if","locations":[{"start":{"line":8,"column":6},"end":{"line":8,"column":45}},{"start":{"line":8,"column":6},"end":{"line":8,"column":45}}],"line":8},"1":{"loc":{"start":{"line":9,"column":6},"end":{"line":9,"column":55}},"type":"if","locations":[{"start":{"line":9,"column":6},"end":{"line":9,"column":55}},{"start":{"line":9,"column":6},"end":{"line":9,"column":55}}],"line":9},"2":{"loc":{"start":{"line":19,"column":6},"end":{"line":19,"column":45}},"type":"if","locations":[{"start":{"line":19,"column":6},"end":{"line":19,"column":45}},{"start":{"line":19,"column":6},"end":{"line":19,"column":45}}],"line":19},"3":{"loc":{"start":{"line":21,"column":13},"end":{"line":21,"column":62}},"type":"cond-expr","locations":[{"start":{"line":21,"column":50},"end":{"line":21,"column":54}},{"start":{"line":21,"column":57},"end":{"line":21,"column":62}}],"line":21},"4":{"loc":{"start":{"line":30,"column":6},"end":{"line":30,"column":45}},"type":"if","locations":[{"start":{"line":30,"column":6},"end":{"line":30,"column":45}},{"start":{"line":30,"column":6},"end":{"line":30,"column":45}}],"line":30}},"s":{"0":4,"1":4,"2":4,"3":4,"4":1,"5":3,"6":1,"7":2,"8":3,"9":1,"10":2,"11":3,"12":1,"13":2},"f":{"0":4,"1":3,"2":3},"b":{"0":[1,3],"1":[1,2],"2":[1,2],"3":[1,1],"4":[1,2]},"_coverageSchema":"43e27e138ebf9cfc5966b082cf9a028302ed4184","hash":"c5ca6675638abe074cd640b8121eadd66a248227"}
,"/Users/adrianstainforth/sites/modules/jest-matchers/packages/jest-matchers/src/to_be_matchers.js": {"path":"/Users/adrianstainforth/sites/modules/jest-matchers/packages/jest-matchers/src/to_be_matchers.js","statementMap":{"0":{"start":{"line":1,"column":18},"end":{"line":1,"column":45}},"1":{"start":{"line":3,"column":35},"end":{"line":3,"column":73}},"2":{"start":{"line":5,"column":0},"end":{"line":7,"column":2}},"3":{"start":{"line":6,"column":39},"end":{"line":6,"column":56}}},"fnMap":{"0":{"name":"(anonymous_0)","decl":{"start":{"line":6,"column":29},"end":{"line":6,"column":30}},"loc":{"start":{"line":6,"column":39},"end":{"line":6,"column":56}},"line":6}},"branchMap":{},"s":{"0":4,"1":4,"2":4,"3":2},"f":{"0":2},"b":{},"_coverageSchema":"43e27e138ebf9cfc5966b082cf9a028302ed4184","hash":"88a491438134ad2a5e99ab08e856aa515b3bd6b5"}
}
