TN:
SF:/Users/adrianstainforth/sites/modules/jest-matchers/packages/jest-matchers-core/index.js
FN:1,(anonymous_0)
FN:1,(anonymous_1)
FN:16,(anonymous_2)
FN:16,(anonymous_3)
FN:16,(anonymous_4)
FN:33,(anonymous_5)
FN:37,(anonymous_6)
FN:52,(anonymous_7)
FNF:8
FNH:8
FNDA:74,(anonymous_0)
FNDA:8,(anonymous_1)
FNDA:148,(anonymous_2)
FNDA:55,(anonymous_3)
FNDA:4,(anonymous_4)
FNDA:74,(anonymous_5)
FNDA:55,(anonymous_6)
FNDA:20,(anonymous_7)
DA:1,74
DA:2,8
DA:3,8
DA:5,4
DA:6,0
DA:9,4
DA:10,0
DA:13,4
DA:16,148
DA:17,4
DA:18,4
DA:19,4
DA:22,4
DA:23,4
DA:26,4
DA:27,0
DA:30,4
DA:33,4
DA:34,74
DA:35,74
DA:36,74
DA:37,74
DA:41,55
DA:42,55
DA:43,55
DA:44,32
DA:46,23
DA:48,55
DA:52,20
LF:29
LH:26
BRDA:3,0,0,4
BRDA:3,0,1,4
BRDA:3,1,0,8
BRDA:3,1,1,8
BRDA:5,2,0,0
BRDA:5,2,1,4
BRDA:9,3,0,0
BRDA:9,3,1,4
BRDA:9,4,0,4
BRDA:9,4,1,0
BRDA:18,5,0,4
BRDA:18,5,1,0
BRDA:22,6,0,4
BRDA:22,6,1,0
BRDA:26,7,0,0
BRDA:26,7,1,4
BRDA:37,8,0,10
BRDA:43,9,0,32
BRDA:43,9,1,23
BRF:19
BRH:13
end_of_record
TN:
SF:/Users/adrianstainforth/sites/modules/jest-matchers/packages/jest-matchers/src/custom_matchers.js
FN:7,(anonymous_0)
FN:9,(anonymous_1)
FN:27,(anonymous_2)
FN:31,(anonymous_3)
FN:36,(anonymous_4)
FNF:5
FNH:5
FNDA:6,(anonymous_0)
FNDA:6,(anonymous_1)
FNDA:4,(anonymous_2)
FNDA:10,(anonymous_3)
FNDA:2,(anonymous_4)
DA:1,4
DA:2,4
DA:3,4
DA:5,4
DA:7,4
DA:8,6
DA:9,6
DA:10,6
DA:11,6
DA:12,6
DA:13,4
DA:15,2
DA:18,0
DA:21,6
DA:24,6
DA:27,4
DA:28,4
DA:29,4
DA:30,4
DA:31,10
DA:37,2
DA:39,2
LF:22
LH:21
BRDA:10,0,0,6
BRDA:10,0,1,0
BRDA:12,1,0,4
BRDA:12,1,1,2
BRDA:37,2,0,0
BRDA:37,2,1,2
BRF:6
BRH:4
end_of_record
TN:
SF:/Users/adrianstainforth/sites/modules/jest-matchers/packages/jest-matchers/src/element_matchers.js
FN:7,(anonymous_0)
FN:18,(anonymous_1)
FN:29,(anonymous_2)
FNF:3
FNH:3
FNDA:4,(anonymous_0)
FNDA:3,(anonymous_1)
FNDA:3,(anonymous_2)
DA:1,4
DA:3,4
DA:5,4
DA:8,4
DA:9,3
DA:10,2
DA:19,3
DA:21,2
DA:30,3
DA:32,2
LF:10
LH:10
BRDA:8,0,0,1
BRDA:8,0,1,3
BRDA:9,1,0,1
BRDA:9,1,1,2
BRDA:19,2,0,1
BRDA:19,2,1,2
BRDA:21,3,0,1
BRDA:21,3,1,1
BRDA:30,4,0,1
BRDA:30,4,1,2
BRF:10
BRH:10
end_of_record
TN:
SF:/Users/adrianstainforth/sites/modules/jest-matchers/packages/jest-matchers/src/to_be_matchers.js
FN:6,(anonymous_0)
FNF:1
FNH:1
FNDA:2,(anonymous_0)
DA:1,4
DA:3,4
DA:5,4
DA:6,2
LF:4
LH:4
BRF:0
BRH:0
end_of_record
